CRITICAL - 2021-07-10 01:14:31 --> Undefined array key "id"
#0 C:\xampp\htdocs\UAS\app\Views\warga\index.php(19): CodeIgniter\Debug\Exceptions->errorHandler(2, 'Undefined array...', 'C:\\xampp\\htdocs...', 19)
#1 C:\xampp\htdocs\UAS\system\View\View.php(230): include('C:\\xampp\\htdocs...')
#2 C:\xampp\htdocs\UAS\system\View\View.php(232): CodeIgniter\View\View->CodeIgniter\View\{closure}()
#3 C:\xampp\htdocs\UAS\system\Common.php(1271): CodeIgniter\View\View->render('warga/index', Array, true)
#4 C:\xampp\htdocs\UAS\app\Controllers\Warga.php(14): view('warga/index', Array)
#5 C:\xampp\htdocs\UAS\system\CodeIgniter.php(928): App\Controllers\Warga->index()
#6 C:\xampp\htdocs\UAS\system\CodeIgniter.php(436): CodeIgniter\CodeIgniter->runController(Object(App\Controllers\Warga))
#7 C:\xampp\htdocs\UAS\system\CodeIgniter.php(336): CodeIgniter\CodeIgniter->handleRequest(NULL, Object(Config\Cache), false)
#8 C:\xampp\htdocs\UAS\public\index.php(37): CodeIgniter\CodeIgniter->run()
#9 C:\xampp\htdocs\UAS\system\Commands\Server\rewrite.php(45): require_once('C:\\xampp\\htdocs...')
#10 {main}
CRITICAL - 2021-07-10 01:14:56 --> Undefined array key "id"
#0 C:\xampp\htdocs\UAS\app\Views\warga\admin_index.php(29): CodeIgniter\Debug\Exceptions->errorHandler(2, 'Undefined array...', 'C:\\xampp\\htdocs...', 29)
#1 C:\xampp\htdocs\UAS\system\View\View.php(230): include('C:\\xampp\\htdocs...')
#2 C:\xampp\htdocs\UAS\system\View\View.php(232): CodeIgniter\View\View->CodeIgniter\View\{closure}()
#3 C:\xampp\htdocs\UAS\system\Common.php(1271): CodeIgniter\View\View->render('warga/admin_ind...', Array, true)
#4 C:\xampp\htdocs\UAS\app\Controllers\Warga.php(22): view('warga/admin_ind...', Array)
#5 C:\xampp\htdocs\UAS\system\CodeIgniter.php(928): App\Controllers\Warga->admin_index()
#6 C:\xampp\htdocs\UAS\system\CodeIgniter.php(436): CodeIgniter\CodeIgniter->runController(Object(App\Controllers\Warga))
#7 C:\xampp\htdocs\UAS\system\CodeIgniter.php(336): CodeIgniter\CodeIgniter->handleRequest(NULL, Object(Config\Cache), false)
#8 C:\xampp\htdocs\UAS\public\index.php(37): CodeIgniter\CodeIgniter->run()
#9 C:\xampp\htdocs\UAS\system\Commands\Server\rewrite.php(45): require_once('C:\\xampp\\htdocs...')
#10 {main}
CRITICAL - 2021-07-10 01:34:00 --> Invalid file: warga/iuran_index.php
#0 C:\xampp\htdocs\UAS\system\View\View.php(213): CodeIgniter\Exceptions\FrameworkException::forInvalidFile('warga/iuran_ind...')
#1 C:\xampp\htdocs\UAS\system\Common.php(1271): CodeIgniter\View\View->render('warga/iuran_ind...', Array, true)
#2 C:\xampp\htdocs\UAS\app\Controllers\Warga.php(92): view('warga/iuran_ind...', Array)
#3 C:\xampp\htdocs\UAS\system\CodeIgniter.php(928): App\Controllers\Warga->iuran_index()
#4 C:\xampp\htdocs\UAS\system\CodeIgniter.php(436): CodeIgniter\CodeIgniter->runController(Object(App\Controllers\Warga))
#5 C:\xampp\htdocs\UAS\system\CodeIgniter.php(336): CodeIgniter\CodeIgniter->handleRequest(NULL, Object(Config\Cache), false)
#6 C:\xampp\htdocs\UAS\public\index.php(37): CodeIgniter\CodeIgniter->run()
#7 C:\xampp\htdocs\UAS\system\Commands\Server\rewrite.php(45): require_once('C:\\xampp\\htdocs...')
#8 {main}
CRITICAL - 2021-07-10 01:46:07 --> Invalid file: warga/iuran_add.php
#0 C:\xampp\htdocs\UAS\system\View\View.php(213): CodeIgniter\Exceptions\FrameworkException::forInvalidFile('warga/iuran_add...')
#1 C:\xampp\htdocs\UAS\system\Common.php(1271): CodeIgniter\View\View->render('warga/iuran_add', Array, true)
#2 C:\xampp\htdocs\UAS\app\Controllers\Warga.php(116): view('warga/iuran_add', Array)
#3 C:\xampp\htdocs\UAS\system\CodeIgniter.php(928): App\Controllers\Warga->iuran_add()
#4 C:\xampp\htdocs\UAS\system\CodeIgniter.php(436): CodeIgniter\CodeIgniter->runController(Object(App\Controllers\Warga))
#5 C:\xampp\htdocs\UAS\system\CodeIgniter.php(336): CodeIgniter\CodeIgniter->handleRequest(NULL, Object(Config\Cache), false)
#6 C:\xampp\htdocs\UAS\public\index.php(37): CodeIgniter\CodeIgniter->run()
#7 C:\xampp\htdocs\UAS\system\Commands\Server\rewrite.php(45): require_once('C:\\xampp\\htdocs...')
#8 {main}
CRITICAL - 2021-07-10 02:03:05 --> Undefined array key "id_warga"
#0 C:\xampp\htdocs\UAS\app\Views\iuran\iuran_edit.php(21): CodeIgniter\Debug\Exceptions->errorHandler(2, 'Undefined array...', 'C:\\xampp\\htdocs...', 21)
#1 C:\xampp\htdocs\UAS\system\View\View.php(230): include('C:\\xampp\\htdocs...')
#2 C:\xampp\htdocs\UAS\system\View\View.php(232): CodeIgniter\View\View->CodeIgniter\View\{closure}()
#3 C:\xampp\htdocs\UAS\system\Common.php(1271): CodeIgniter\View\View->render('iuran/iuran_edi...', Array, true)
#4 C:\xampp\htdocs\UAS\app\Controllers\Iuran.php(65): view('iuran/iuran_edi...', Array)
#5 C:\xampp\htdocs\UAS\system\CodeIgniter.php(928): App\Controllers\Iuran->iuran_edit('2')
#6 C:\xampp\htdocs\UAS\system\CodeIgniter.php(436): CodeIgniter\CodeIgniter->runController(Object(App\Controllers\Iuran))
#7 C:\xampp\htdocs\UAS\system\CodeIgniter.php(336): CodeIgniter\CodeIgniter->handleRequest(NULL, Object(Config\Cache), false)
#8 C:\xampp\htdocs\UAS\public\index.php(37): CodeIgniter\CodeIgniter->run()
#9 C:\xampp\htdocs\UAS\system\Commands\Server\rewrite.php(45): require_once('C:\\xampp\\htdocs...')
#10 {main}
ERROR - 2021-07-10 02:08:49 --> Cannot add or update a child row: a foreign key constraint fails (`uas`.`iuran`, CONSTRAINT `iuran_ibfk_1` FOREIGN KEY (`warga_id`) REFERENCES `warga` (`warga_id`))
CRITICAL - 2021-07-10 02:08:49 --> Cannot add or update a child row: a foreign key constraint fails (`uas`.`iuran`, CONSTRAINT `iuran_ibfk_1` FOREIGN KEY (`warga_id`) REFERENCES `warga` (`warga_id`))
#0 C:\xampp\htdocs\UAS\system\Database\MySQLi\Connection.php(329): mysqli->query('INSERT INTO `iu...')
#1 C:\xampp\htdocs\UAS\system\Database\BaseConnection.php(732): CodeIgniter\Database\MySQLi\Connection->execute('INSERT INTO `iu...')
#2 C:\xampp\htdocs\UAS\system\Database\BaseConnection.php(647): CodeIgniter\Database\BaseConnection->simpleQuery('INSERT INTO `iu...')
#3 C:\xampp\htdocs\UAS\system\Database\BaseBuilder.php(2277): CodeIgniter\Database\BaseConnection->query('INSERT INTO `iu...', Array, false)
#4 C:\xampp\htdocs\UAS\system\Model.php(259): CodeIgniter\Database\BaseBuilder->insert()
#5 C:\xampp\htdocs\UAS\system\BaseModel.php(774): CodeIgniter\Model->doInsert(Array)
#6 C:\xampp\htdocs\UAS\system\Model.php(686): CodeIgniter\BaseModel->insert(Array, true)
#7 C:\xampp\htdocs\UAS\app\Controllers\Iuran.php(33): CodeIgniter\Model->insert(Array)
#8 C:\xampp\htdocs\UAS\system\CodeIgniter.php(928): App\Controllers\Iuran->iuran_add()
#9 C:\xampp\htdocs\UAS\system\CodeIgniter.php(436): CodeIgniter\CodeIgniter->runController(Object(App\Controllers\Iuran))
#10 C:\xampp\htdocs\UAS\system\CodeIgniter.php(336): CodeIgniter\CodeIgniter->handleRequest(NULL, Object(Config\Cache), false)
#11 C:\xampp\htdocs\UAS\public\index.php(37): CodeIgniter\CodeIgniter->run()
#12 C:\xampp\htdocs\UAS\system\Commands\Server\rewrite.php(45): require_once('C:\\xampp\\htdocs...')
#13 {main}
CRITICAL - 2021-07-10 02:17:49 --> Invalid file: iuran/iuran_index.php
#0 C:\xampp\htdocs\UAS\system\View\View.php(213): CodeIgniter\Exceptions\FrameworkException::forInvalidFile('iuran/iuran_ind...')
#1 C:\xampp\htdocs\UAS\system\Common.php(1271): CodeIgniter\View\View->render('iuran/iuran_ind...', Array, true)
#2 C:\xampp\htdocs\UAS\app\Controllers\Iuran.php(21): view('iuran/iuran_ind...', Array)
#3 C:\xampp\htdocs\UAS\system\CodeIgniter.php(928): App\Controllers\Iuran->iuran_index()
#4 C:\xampp\htdocs\UAS\system\CodeIgniter.php(436): CodeIgniter\CodeIgniter->runController(Object(App\Controllers\Iuran))
#5 C:\xampp\htdocs\UAS\system\CodeIgniter.php(336): CodeIgniter\CodeIgniter->handleRequest(NULL, Object(Config\Cache), false)
#6 C:\xampp\htdocs\UAS\public\index.php(37): CodeIgniter\CodeIgniter->run()
#7 C:\xampp\htdocs\UAS\system\Commands\Server\rewrite.php(45): require_once('C:\\xampp\\htdocs...')
#8 {main}
ERROR - 2021-07-10 02:29:45 --> Cannot add or update a child row: a foreign key constraint fails (`uas`.`iuran`, CONSTRAINT `iuran_ibfk_1` FOREIGN KEY (`warga_id`) REFERENCES `warga` (`warga_id`))
CRITICAL - 2021-07-10 02:29:45 --> Cannot add or update a child row: a foreign key constraint fails (`uas`.`iuran`, CONSTRAINT `iuran_ibfk_1` FOREIGN KEY (`warga_id`) REFERENCES `warga` (`warga_id`))
#0 C:\xampp\htdocs\UAS\system\Database\MySQLi\Connection.php(329): mysqli->query('INSERT INTO `iu...')
#1 C:\xampp\htdocs\UAS\system\Database\BaseConnection.php(732): CodeIgniter\Database\MySQLi\Connection->execute('INSERT INTO `iu...')
#2 C:\xampp\htdocs\UAS\system\Database\BaseConnection.php(647): CodeIgniter\Database\BaseConnection->simpleQuery('INSERT INTO `iu...')
#3 C:\xampp\htdocs\UAS\system\Database\BaseBuilder.php(2277): CodeIgniter\Database\BaseConnection->query('INSERT INTO `iu...', Array, false)
#4 C:\xampp\htdocs\UAS\system\Model.php(259): CodeIgniter\Database\BaseBuilder->insert()
#5 C:\xampp\htdocs\UAS\system\BaseModel.php(774): CodeIgniter\Model->doInsert(Array)
#6 C:\xampp\htdocs\UAS\system\Model.php(686): CodeIgniter\BaseModel->insert(Array, true)
#7 C:\xampp\htdocs\UAS\app\Controllers\Iuran.php(40): CodeIgniter\Model->insert(Array)
#8 C:\xampp\htdocs\UAS\system\CodeIgniter.php(928): App\Controllers\Iuran->iuran_add()
#9 C:\xampp\htdocs\UAS\system\CodeIgniter.php(436): CodeIgniter\CodeIgniter->runController(Object(App\Controllers\Iuran))
#10 C:\xampp\htdocs\UAS\system\CodeIgniter.php(336): CodeIgniter\CodeIgniter->handleRequest(NULL, Object(Config\Cache), false)
#11 C:\xampp\htdocs\UAS\public\index.php(37): CodeIgniter\CodeIgniter->run()
#12 C:\xampp\htdocs\UAS\system\Commands\Server\rewrite.php(45): require_once('C:\\xampp\\htdocs...')
#13 {main}
