CRITICAL - 2021-07-09 01:33:23 --> Undefined variable $warga
#0 C:\xampp\htdocs\UAS\app\Views\template\admin_footer_iuran.php(13): CodeIgniter\Debug\Exceptions->errorHandler(2, 'Undefined varia...', 'C:\\xampp\\htdocs...', 13)
#1 C:\xampp\htdocs\UAS\system\View\View.php(230): include('C:\\xampp\\htdocs...')
#2 C:\xampp\htdocs\UAS\system\View\View.php(232): CodeIgniter\View\View->CodeIgniter\View\{closure}()
#3 C:\xampp\htdocs\UAS\system\View\View.php(487): CodeIgniter\View\View->render('template/admin_...', NULL, true)
#4 C:\xampp\htdocs\UAS\app\Views\warga\form_add.php(14): CodeIgniter\View\View->include('template/admin_...')
#5 C:\xampp\htdocs\UAS\system\View\View.php(230): include('C:\\xampp\\htdocs...')
#6 C:\xampp\htdocs\UAS\system\View\View.php(232): CodeIgniter\View\View->CodeIgniter\View\{closure}()
#7 C:\xampp\htdocs\UAS\system\Common.php(1271): CodeIgniter\View\View->render('warga/form_add', Array, true)
#8 C:\xampp\htdocs\UAS\app\Controllers\Warga.php(44): view('warga/form_add', Array)
#9 C:\xampp\htdocs\UAS\system\CodeIgniter.php(928): App\Controllers\Warga->add()
#10 C:\xampp\htdocs\UAS\system\CodeIgniter.php(436): CodeIgniter\CodeIgniter->runController(Object(App\Controllers\Warga))
#11 C:\xampp\htdocs\UAS\system\CodeIgniter.php(336): CodeIgniter\CodeIgniter->handleRequest(NULL, Object(Config\Cache), false)
#12 C:\xampp\htdocs\UAS\public\index.php(37): CodeIgniter\CodeIgniter->run()
#13 C:\xampp\htdocs\UAS\system\Commands\Server\rewrite.php(45): require_once('C:\\xampp\\htdocs...')
#14 {main}
CRITICAL - 2021-07-09 01:36:10 --> Undefined variable $warga
#0 C:\xampp\htdocs\UAS\app\Views\template\admin_footer_iuran.php(13): CodeIgniter\Debug\Exceptions->errorHandler(2, 'Undefined varia...', 'C:\\xampp\\htdocs...', 13)
#1 C:\xampp\htdocs\UAS\system\View\View.php(230): include('C:\\xampp\\htdocs...')
#2 C:\xampp\htdocs\UAS\system\View\View.php(232): CodeIgniter\View\View->CodeIgniter\View\{closure}()
#3 C:\xampp\htdocs\UAS\system\View\View.php(487): CodeIgniter\View\View->render('template/admin_...', NULL, true)
#4 C:\xampp\htdocs\UAS\app\Views\warga\form_add.php(14): CodeIgniter\View\View->include('template/admin_...')
#5 C:\xampp\htdocs\UAS\system\View\View.php(230): include('C:\\xampp\\htdocs...')
#6 C:\xampp\htdocs\UAS\system\View\View.php(232): CodeIgniter\View\View->CodeIgniter\View\{closure}()
#7 C:\xampp\htdocs\UAS\system\Common.php(1271): CodeIgniter\View\View->render('warga/form_add', Array, true)
#8 C:\xampp\htdocs\UAS\app\Controllers\Warga.php(44): view('warga/form_add', Array)
#9 C:\xampp\htdocs\UAS\system\CodeIgniter.php(928): App\Controllers\Warga->add()
#10 C:\xampp\htdocs\UAS\system\CodeIgniter.php(436): CodeIgniter\CodeIgniter->runController(Object(App\Controllers\Warga))
#11 C:\xampp\htdocs\UAS\system\CodeIgniter.php(336): CodeIgniter\CodeIgniter->handleRequest(NULL, Object(Config\Cache), false)
#12 C:\xampp\htdocs\UAS\public\index.php(37): CodeIgniter\CodeIgniter->run()
#13 C:\xampp\htdocs\UAS\system\Commands\Server\rewrite.php(45): require_once('C:\\xampp\\htdocs...')
#14 {main}
CRITICAL - 2021-07-09 01:40:10 --> Invalid file: template/admin_footer_iuran.php
#0 C:\xampp\htdocs\UAS\system\View\View.php(213): CodeIgniter\Exceptions\FrameworkException::forInvalidFile('template/admin_...')
#1 C:\xampp\htdocs\UAS\system\View\View.php(487): CodeIgniter\View\View->render('template/admin_...', NULL, true)
#2 C:\xampp\htdocs\UAS\app\Views\warga\form_add.php(14): CodeIgniter\View\View->include('template/admin_...')
#3 C:\xampp\htdocs\UAS\system\View\View.php(230): include('C:\\xampp\\htdocs...')
#4 C:\xampp\htdocs\UAS\system\View\View.php(232): CodeIgniter\View\View->CodeIgniter\View\{closure}()
#5 C:\xampp\htdocs\UAS\system\Common.php(1271): CodeIgniter\View\View->render('warga/form_add', Array, true)
#6 C:\xampp\htdocs\UAS\app\Controllers\Warga.php(44): view('warga/form_add', Array)
#7 C:\xampp\htdocs\UAS\system\CodeIgniter.php(928): App\Controllers\Warga->add()
#8 C:\xampp\htdocs\UAS\system\CodeIgniter.php(436): CodeIgniter\CodeIgniter->runController(Object(App\Controllers\Warga))
#9 C:\xampp\htdocs\UAS\system\CodeIgniter.php(336): CodeIgniter\CodeIgniter->handleRequest(NULL, Object(Config\Cache), false)
#10 C:\xampp\htdocs\UAS\public\index.php(37): CodeIgniter\CodeIgniter->run()
#11 C:\xampp\htdocs\UAS\system\Commands\Server\rewrite.php(45): require_once('C:\\xampp\\htdocs...')
#12 {main}
CRITICAL - 2021-07-09 01:40:42 --> Undefined variable $warga
#0 C:\xampp\htdocs\UAS\app\Views\template\ft_iuran.php(13): CodeIgniter\Debug\Exceptions->errorHandler(2, 'Undefined varia...', 'C:\\xampp\\htdocs...', 13)
#1 C:\xampp\htdocs\UAS\system\View\View.php(230): include('C:\\xampp\\htdocs...')
#2 C:\xampp\htdocs\UAS\system\View\View.php(232): CodeIgniter\View\View->CodeIgniter\View\{closure}()
#3 C:\xampp\htdocs\UAS\system\View\View.php(487): CodeIgniter\View\View->render('template/ft_iur...', NULL, true)
#4 C:\xampp\htdocs\UAS\app\Views\warga\form_add.php(14): CodeIgniter\View\View->include('template/ft_iur...')
#5 C:\xampp\htdocs\UAS\system\View\View.php(230): include('C:\\xampp\\htdocs...')
#6 C:\xampp\htdocs\UAS\system\View\View.php(232): CodeIgniter\View\View->CodeIgniter\View\{closure}()
#7 C:\xampp\htdocs\UAS\system\Common.php(1271): CodeIgniter\View\View->render('warga/form_add', Array, true)
#8 C:\xampp\htdocs\UAS\app\Controllers\Warga.php(44): view('warga/form_add', Array)
#9 C:\xampp\htdocs\UAS\system\CodeIgniter.php(928): App\Controllers\Warga->add()
#10 C:\xampp\htdocs\UAS\system\CodeIgniter.php(436): CodeIgniter\CodeIgniter->runController(Object(App\Controllers\Warga))
#11 C:\xampp\htdocs\UAS\system\CodeIgniter.php(336): CodeIgniter\CodeIgniter->handleRequest(NULL, Object(Config\Cache), false)
#12 C:\xampp\htdocs\UAS\public\index.php(37): CodeIgniter\CodeIgniter->run()
#13 C:\xampp\htdocs\UAS\system\Commands\Server\rewrite.php(45): require_once('C:\\xampp\\htdocs...')
#14 {main}
CRITICAL - 2021-07-09 01:44:19 --> Undefined variable $warga
#0 C:\xampp\htdocs\UAS\app\Views\template\ft_iuran.php(14): CodeIgniter\Debug\Exceptions->errorHandler(2, 'Undefined varia...', 'C:\\xampp\\htdocs...', 14)
#1 C:\xampp\htdocs\UAS\system\View\View.php(230): include('C:\\xampp\\htdocs...')
#2 C:\xampp\htdocs\UAS\system\View\View.php(232): CodeIgniter\View\View->CodeIgniter\View\{closure}()
#3 C:\xampp\htdocs\UAS\system\View\View.php(487): CodeIgniter\View\View->render('template/ft_iur...', NULL, true)
#4 C:\xampp\htdocs\UAS\app\Views\warga\form_add.php(14): CodeIgniter\View\View->include('template/ft_iur...')
#5 C:\xampp\htdocs\UAS\system\View\View.php(230): include('C:\\xampp\\htdocs...')
#6 C:\xampp\htdocs\UAS\system\View\View.php(232): CodeIgniter\View\View->CodeIgniter\View\{closure}()
#7 C:\xampp\htdocs\UAS\system\Common.php(1271): CodeIgniter\View\View->render('warga/form_add', Array, true)
#8 C:\xampp\htdocs\UAS\app\Controllers\Warga.php(44): view('warga/form_add', Array)
#9 C:\xampp\htdocs\UAS\system\CodeIgniter.php(928): App\Controllers\Warga->add()
#10 C:\xampp\htdocs\UAS\system\CodeIgniter.php(436): CodeIgniter\CodeIgniter->runController(Object(App\Controllers\Warga))
#11 C:\xampp\htdocs\UAS\system\CodeIgniter.php(336): CodeIgniter\CodeIgniter->handleRequest(NULL, Object(Config\Cache), false)
#12 C:\xampp\htdocs\UAS\public\index.php(37): CodeIgniter\CodeIgniter->run()
#13 C:\xampp\htdocs\UAS\system\Commands\Server\rewrite.php(45): require_once('C:\\xampp\\htdocs...')
#14 {main}
CRITICAL - 2021-07-09 01:45:38 --> Undefined variable $warga
#0 C:\xampp\htdocs\UAS\app\Views\template\ft_iuran.php(14): CodeIgniter\Debug\Exceptions->errorHandler(2, 'Undefined varia...', 'C:\\xampp\\htdocs...', 14)
#1 C:\xampp\htdocs\UAS\system\View\View.php(230): include('C:\\xampp\\htdocs...')
#2 C:\xampp\htdocs\UAS\system\View\View.php(232): CodeIgniter\View\View->CodeIgniter\View\{closure}()
#3 C:\xampp\htdocs\UAS\system\View\View.php(487): CodeIgniter\View\View->render('template/ft_iur...', NULL, true)
#4 C:\xampp\htdocs\UAS\app\Views\warga\form_add.php(14): CodeIgniter\View\View->include('template/ft_iur...')
#5 C:\xampp\htdocs\UAS\system\View\View.php(230): include('C:\\xampp\\htdocs...')
#6 C:\xampp\htdocs\UAS\system\View\View.php(232): CodeIgniter\View\View->CodeIgniter\View\{closure}()
#7 C:\xampp\htdocs\UAS\system\Common.php(1271): CodeIgniter\View\View->render('warga/form_add', Array, true)
#8 C:\xampp\htdocs\UAS\app\Controllers\Warga.php(44): view('warga/form_add', Array)
#9 C:\xampp\htdocs\UAS\system\CodeIgniter.php(928): App\Controllers\Warga->add()
#10 C:\xampp\htdocs\UAS\system\CodeIgniter.php(436): CodeIgniter\CodeIgniter->runController(Object(App\Controllers\Warga))
#11 C:\xampp\htdocs\UAS\system\CodeIgniter.php(336): CodeIgniter\CodeIgniter->handleRequest(NULL, Object(Config\Cache), false)
#12 C:\xampp\htdocs\UAS\public\index.php(37): CodeIgniter\CodeIgniter->run()
#13 C:\xampp\htdocs\UAS\system\Commands\Server\rewrite.php(45): require_once('C:\\xampp\\htdocs...')
#14 {main}
CRITICAL - 2021-07-09 01:45:50 --> Undefined variable $warga
#0 C:\xampp\htdocs\UAS\app\Views\template\ft_iuran.php(14): CodeIgniter\Debug\Exceptions->errorHandler(2, 'Undefined varia...', 'C:\\xampp\\htdocs...', 14)
#1 C:\xampp\htdocs\UAS\system\View\View.php(230): include('C:\\xampp\\htdocs...')
#2 C:\xampp\htdocs\UAS\system\View\View.php(232): CodeIgniter\View\View->CodeIgniter\View\{closure}()
#3 C:\xampp\htdocs\UAS\system\View\View.php(487): CodeIgniter\View\View->render('template/ft_iur...', NULL, true)
#4 C:\xampp\htdocs\UAS\app\Views\warga\form_add.php(14): CodeIgniter\View\View->include('template/ft_iur...')
#5 C:\xampp\htdocs\UAS\system\View\View.php(230): include('C:\\xampp\\htdocs...')
#6 C:\xampp\htdocs\UAS\system\View\View.php(232): CodeIgniter\View\View->CodeIgniter\View\{closure}()
#7 C:\xampp\htdocs\UAS\system\Common.php(1271): CodeIgniter\View\View->render('warga/form_add', Array, true)
#8 C:\xampp\htdocs\UAS\app\Controllers\Warga.php(44): view('warga/form_add', Array)
#9 C:\xampp\htdocs\UAS\system\CodeIgniter.php(928): App\Controllers\Warga->add()
#10 C:\xampp\htdocs\UAS\system\CodeIgniter.php(436): CodeIgniter\CodeIgniter->runController(Object(App\Controllers\Warga))
#11 C:\xampp\htdocs\UAS\system\CodeIgniter.php(336): CodeIgniter\CodeIgniter->handleRequest(NULL, Object(Config\Cache), false)
#12 C:\xampp\htdocs\UAS\public\index.php(37): CodeIgniter\CodeIgniter->run()
#13 C:\xampp\htdocs\UAS\system\Commands\Server\rewrite.php(45): require_once('C:\\xampp\\htdocs...')
#14 {main}
CRITICAL - 2021-07-09 01:46:11 --> syntax error, unexpected token "endforeach", expecting end of file
#0 C:\xampp\htdocs\UAS\system\View\View.php(232): CodeIgniter\View\View->CodeIgniter\View\{closure}()
#1 C:\xampp\htdocs\UAS\system\View\View.php(487): CodeIgniter\View\View->render('template/ft_iur...', NULL, true)
#2 C:\xampp\htdocs\UAS\app\Views\warga\form_add.php(14): CodeIgniter\View\View->include('template/ft_iur...')
#3 C:\xampp\htdocs\UAS\system\View\View.php(230): include('C:\\xampp\\htdocs...')
#4 C:\xampp\htdocs\UAS\system\View\View.php(232): CodeIgniter\View\View->CodeIgniter\View\{closure}()
#5 C:\xampp\htdocs\UAS\system\Common.php(1271): CodeIgniter\View\View->render('warga/form_add', Array, true)
#6 C:\xampp\htdocs\UAS\app\Controllers\Warga.php(44): view('warga/form_add', Array)
#7 C:\xampp\htdocs\UAS\system\CodeIgniter.php(928): App\Controllers\Warga->add()
#8 C:\xampp\htdocs\UAS\system\CodeIgniter.php(436): CodeIgniter\CodeIgniter->runController(Object(App\Controllers\Warga))
#9 C:\xampp\htdocs\UAS\system\CodeIgniter.php(336): CodeIgniter\CodeIgniter->handleRequest(NULL, Object(Config\Cache), false)
#10 C:\xampp\htdocs\UAS\public\index.php(37): CodeIgniter\CodeIgniter->run()
#11 C:\xampp\htdocs\UAS\system\Commands\Server\rewrite.php(45): require_once('C:\\xampp\\htdocs...')
#12 {main}
CRITICAL - 2021-07-09 01:46:21 --> syntax error, unexpected token "endforeach", expecting end of file
#0 C:\xampp\htdocs\UAS\system\View\View.php(232): CodeIgniter\View\View->CodeIgniter\View\{closure}()
#1 C:\xampp\htdocs\UAS\system\View\View.php(487): CodeIgniter\View\View->render('template/ft_iur...', NULL, true)
#2 C:\xampp\htdocs\UAS\app\Views\warga\form_add.php(14): CodeIgniter\View\View->include('template/ft_iur...')
#3 C:\xampp\htdocs\UAS\system\View\View.php(230): include('C:\\xampp\\htdocs...')
#4 C:\xampp\htdocs\UAS\system\View\View.php(232): CodeIgniter\View\View->CodeIgniter\View\{closure}()
#5 C:\xampp\htdocs\UAS\system\Common.php(1271): CodeIgniter\View\View->render('warga/form_add', Array, true)
#6 C:\xampp\htdocs\UAS\app\Controllers\Warga.php(44): view('warga/form_add', Array)
#7 C:\xampp\htdocs\UAS\system\CodeIgniter.php(928): App\Controllers\Warga->add()
#8 C:\xampp\htdocs\UAS\system\CodeIgniter.php(436): CodeIgniter\CodeIgniter->runController(Object(App\Controllers\Warga))
#9 C:\xampp\htdocs\UAS\system\CodeIgniter.php(336): CodeIgniter\CodeIgniter->handleRequest(NULL, Object(Config\Cache), false)
#10 C:\xampp\htdocs\UAS\public\index.php(37): CodeIgniter\CodeIgniter->run()
#11 C:\xampp\htdocs\UAS\system\Commands\Server\rewrite.php(45): require_once('C:\\xampp\\htdocs...')
#12 {main}
CRITICAL - 2021-07-09 01:46:23 --> Undefined variable $warga
#0 C:\xampp\htdocs\UAS\app\Views\template\ft_iuran.php(14): CodeIgniter\Debug\Exceptions->errorHandler(2, 'Undefined varia...', 'C:\\xampp\\htdocs...', 14)
#1 C:\xampp\htdocs\UAS\system\View\View.php(230): include('C:\\xampp\\htdocs...')
#2 C:\xampp\htdocs\UAS\system\View\View.php(232): CodeIgniter\View\View->CodeIgniter\View\{closure}()
#3 C:\xampp\htdocs\UAS\system\View\View.php(487): CodeIgniter\View\View->render('template/ft_iur...', NULL, true)
#4 C:\xampp\htdocs\UAS\app\Views\warga\form_add.php(14): CodeIgniter\View\View->include('template/ft_iur...')
#5 C:\xampp\htdocs\UAS\system\View\View.php(230): include('C:\\xampp\\htdocs...')
#6 C:\xampp\htdocs\UAS\system\View\View.php(232): CodeIgniter\View\View->CodeIgniter\View\{closure}()
#7 C:\xampp\htdocs\UAS\system\Common.php(1271): CodeIgniter\View\View->render('warga/form_add', Array, true)
#8 C:\xampp\htdocs\UAS\app\Controllers\Warga.php(44): view('warga/form_add', Array)
#9 C:\xampp\htdocs\UAS\system\CodeIgniter.php(928): App\Controllers\Warga->add()
#10 C:\xampp\htdocs\UAS\system\CodeIgniter.php(436): CodeIgniter\CodeIgniter->runController(Object(App\Controllers\Warga))
#11 C:\xampp\htdocs\UAS\system\CodeIgniter.php(336): CodeIgniter\CodeIgniter->handleRequest(NULL, Object(Config\Cache), false)
#12 C:\xampp\htdocs\UAS\public\index.php(37): CodeIgniter\CodeIgniter->run()
#13 C:\xampp\htdocs\UAS\system\Commands\Server\rewrite.php(45): require_once('C:\\xampp\\htdocs...')
#14 {main}
CRITICAL - 2021-07-09 01:46:34 --> Undefined variable $warga
#0 C:\xampp\htdocs\UAS\app\Views\template\ft_iuran.php(14): CodeIgniter\Debug\Exceptions->errorHandler(2, 'Undefined varia...', 'C:\\xampp\\htdocs...', 14)
#1 C:\xampp\htdocs\UAS\system\View\View.php(230): include('C:\\xampp\\htdocs...')
#2 C:\xampp\htdocs\UAS\system\View\View.php(232): CodeIgniter\View\View->CodeIgniter\View\{closure}()
#3 C:\xampp\htdocs\UAS\system\View\View.php(487): CodeIgniter\View\View->render('template/ft_iur...', NULL, true)
#4 C:\xampp\htdocs\UAS\app\Views\warga\form_add.php(14): CodeIgniter\View\View->include('template/ft_iur...')
#5 C:\xampp\htdocs\UAS\system\View\View.php(230): include('C:\\xampp\\htdocs...')
#6 C:\xampp\htdocs\UAS\system\View\View.php(232): CodeIgniter\View\View->CodeIgniter\View\{closure}()
#7 C:\xampp\htdocs\UAS\system\Common.php(1271): CodeIgniter\View\View->render('warga/form_add', Array, true)
#8 C:\xampp\htdocs\UAS\app\Controllers\Warga.php(44): view('warga/form_add', Array)
#9 C:\xampp\htdocs\UAS\system\CodeIgniter.php(928): App\Controllers\Warga->add()
#10 C:\xampp\htdocs\UAS\system\CodeIgniter.php(436): CodeIgniter\CodeIgniter->runController(Object(App\Controllers\Warga))
#11 C:\xampp\htdocs\UAS\system\CodeIgniter.php(336): CodeIgniter\CodeIgniter->handleRequest(NULL, Object(Config\Cache), false)
#12 C:\xampp\htdocs\UAS\public\index.php(37): CodeIgniter\CodeIgniter->run()
#13 C:\xampp\htdocs\UAS\system\Commands\Server\rewrite.php(45): require_once('C:\\xampp\\htdocs...')
#14 {main}
CRITICAL - 2021-07-09 23:45:07 --> syntax error, unexpected variable "$routes"
#0 C:\xampp\htdocs\UAS\system\CodeIgniter.php(389): CodeIgniter\CodeIgniter->tryToRouteIt(NULL)
#1 C:\xampp\htdocs\UAS\system\CodeIgniter.php(336): CodeIgniter\CodeIgniter->handleRequest(NULL, Object(Config\Cache), false)
#2 C:\xampp\htdocs\UAS\public\index.php(37): CodeIgniter\CodeIgniter->run()
#3 C:\xampp\htdocs\UAS\system\Commands\Server\rewrite.php(45): require_once('C:\\xampp\\htdocs...')
#4 {main}
CRITICAL - 2021-07-09 23:56:26 --> compact(): Undefined variable $warga
#0 [internal function]: CodeIgniter\Debug\Exceptions->errorHandler(2, 'compact(): Unde...', 'C:\\xampp\\htdocs...', 92)
#1 C:\xampp\htdocs\UAS\app\Controllers\Warga.php(92): compact('warga', 'title')
#2 C:\xampp\htdocs\UAS\system\CodeIgniter.php(928): App\Controllers\Warga->iuran_index()
#3 C:\xampp\htdocs\UAS\system\CodeIgniter.php(436): CodeIgniter\CodeIgniter->runController(Object(App\Controllers\Warga))
#4 C:\xampp\htdocs\UAS\system\CodeIgniter.php(336): CodeIgniter\CodeIgniter->handleRequest(NULL, Object(Config\Cache), false)
#5 C:\xampp\htdocs\UAS\public\index.php(37): CodeIgniter\CodeIgniter->run()
#6 C:\xampp\htdocs\UAS\system\Commands\Server\rewrite.php(45): require_once('C:\\xampp\\htdocs...')
#7 {main}
